
**** Build of configuration Debug for project Button ****

/home/yan/ti/ccs1271/ccs/utils/bin/gmake -k -j 16 all -O 
 
Building file: "../button.c"
Invoking: MSP430 Compiler
"/home/yan/ti/ccs1271/ccs/tools/compiler/ti-cgt-msp430_21.6.1.LTS/bin/cl430" -vmspx --data_model=restricted --use_hw_mpy=F5 --include_path="/home/yan/ti/ccs1271/ccs/ccs_base/msp430/include" --include_path="/home/yan/workspace_v12/Button" --include_path="/home/yan/ti/ccs1271/ccs/tools/compiler/ti-cgt-msp430_21.6.1.LTS/include" --advice:power=all --define=__MSP430F5529__ -g --printf_support=minimal --diag_warning=225 --diag_wrap=off --display_error_number --silicon_errata=CPU21 --silicon_errata=CPU22 --silicon_errata=CPU23 --silicon_errata=CPU40 --preproc_with_compile --preproc_dependency="button.d_raw"  "../button.c"
"../button.c", line 30: warning #112-D: statement is unreachable
"../button.c", line 22: remark #1527-D: (ULP 2.1) Detected SW delay loop using empty loop. Recommend using a timer module instead
"../button.c", line 26: remark #1527-D: (ULP 2.1) Detected SW delay loop using empty loop. Recommend using a timer module instead
"../button.c", line 44: remark #1544-D: (ULP 13.1) Detected loop counting up. Recommend loops count down as detecting zeros is easier
"../button.c", line 44: remark #1527-D: (ULP 2.1) Detected SW delay loop using empty loop. Recommend using a timer module instead
Finished building: "../button.c"
 
Building target: "Button.out"
Invoking: MSP430 Linker
"/home/yan/ti/ccs1271/ccs/tools/compiler/ti-cgt-msp430_21.6.1.LTS/bin/cl430" -vmspx --data_model=restricted --use_hw_mpy=F5 --advice:power=all --define=__MSP430F5529__ -g --printf_support=minimal --diag_warning=225 --diag_wrap=off --display_error_number --silicon_errata=CPU21 --silicon_errata=CPU22 --silicon_errata=CPU23 --silicon_errata=CPU40 -z -m"Button.map" --heap_size=160 --stack_size=160 --cinit_hold_wdt=on -i"/home/yan/ti/ccs1271/ccs/ccs_base/msp430/include" -i"/home/yan/ti/ccs1271/ccs/ccs_base/msp430/lib/5xx_6xx_FRxx" -i"/home/yan/ti/ccs1271/ccs/tools/compiler/ti-cgt-msp430_21.6.1.LTS/lib" -i"/home/yan/ti/ccs1271/ccs/tools/compiler/ti-cgt-msp430_21.6.1.LTS/include" --reread_libs --diag_wrap=off --display_error_number --warn_sections --xml_link_info="Button_linkInfo.xml" --use_hw_mpy=F5 --rom_model -o "Button.out" "./button.obj" "../lnk_msp430f5529.cmd"  -llibmath.a -llibc.a 
<Linking>
remark #10371-D: (ULP 1.1) Detected no uses of low power mode state changing instructions
remark #10372-D: (ULP 4.1) Detected uninitialized Port B in this project. Recommend initializing all unused ports to eliminate wasted current consumption on unused pins.
remark #10372-D: (ULP 4.1) Detected uninitialized Port C in this project. Recommend initializing all unused ports to eliminate wasted current consumption on unused pins.
remark #10372-D: (ULP 4.1) Detected uninitialized Port D in this project. Recommend initializing all unused ports to eliminate wasted current consumption on unused pins.
Finished building target: "Button.out"
 

**** Build Finished ****
