
**** Build of configuration Debug for project Blink ****

/home/yan/ti/ccs1271/ccs/utils/bin/gmake -k -j 16 all -O 
 
Building file: "../blink.c"
Invoking: MSP430 Compiler
"/home/yan/ti/ccs1271/ccs/tools/compiler/ti-cgt-msp430_21.6.1.LTS/bin/cl430" -vmspx --data_model=restricted --use_hw_mpy=F5 --include_path="/home/yan/ti/ccs1271/ccs/ccs_base/msp430/include" --include_path="/home/yan/workspace_v12/Blink" --include_path="/home/yan/ti/ccs1271/ccs/tools/compiler/ti-cgt-msp430_21.6.1.LTS/include" --advice:power=all --define=__MSP430F5529__ -g --printf_support=minimal --diag_warning=225 --diag_wrap=off --display_error_number --silicon_errata=CPU21 --silicon_errata=CPU22 --silicon_errata=CPU23 --silicon_errata=CPU40 --preproc_with_compile --preproc_dependency="blink.d_raw"  "../blink.c"
"../blink.c", line 17: remark #1527-D: (ULP 2.1) Detected SW delay loop using empty loop. Recommend using a timer module instead
Finished building: "../blink.c"
 
Building target: "Blink.out"
Invoking: MSP430 Linker
"/home/yan/ti/ccs1271/ccs/tools/compiler/ti-cgt-msp430_21.6.1.LTS/bin/cl430" -vmspx --data_model=restricted --use_hw_mpy=F5 --advice:power=all --define=__MSP430F5529__ -g --printf_support=minimal --diag_warning=225 --diag_wrap=off --display_error_number --silicon_errata=CPU21 --silicon_errata=CPU22 --silicon_errata=CPU23 --silicon_errata=CPU40 -z -m"Blink.map" --heap_size=160 --stack_size=160 --cinit_hold_wdt=on -i"/home/yan/ti/ccs1271/ccs/ccs_base/msp430/include" -i"/home/yan/ti/ccs1271/ccs/ccs_base/msp430/lib/5xx_6xx_FRxx" -i"/home/yan/ti/ccs1271/ccs/tools/compiler/ti-cgt-msp430_21.6.1.LTS/lib" -i"/home/yan/ti/ccs1271/ccs/tools/compiler/ti-cgt-msp430_21.6.1.LTS/include" --reread_libs --diag_wrap=off --display_error_number --warn_sections --xml_link_info="Blink_linkInfo.xml" --use_hw_mpy=F5 --rom_model -o "Blink.out" "./blink.obj" "../lnk_msp430f5529.cmd"  -llibmath.a -llibc.a 
<Linking>
remark #10371-D: (ULP 1.1) Detected no uses of low power mode state changing instructions
remark #10372-D: (ULP 4.1) Detected uninitialized Port A in this project. Recommend initializing all unused ports to eliminate wasted current consumption on unused pins.
remark #10372-D: (ULP 4.1) Detected uninitialized Port B in this project. Recommend initializing all unused ports to eliminate wasted current consumption on unused pins.
remark #10372-D: (ULP 4.1) Detected uninitialized Port C in this project. Recommend initializing all unused ports to eliminate wasted current consumption on unused pins.
remark #10372-D: (ULP 4.1) Detected uninitialized Port D in this project. Recommend initializing all unused ports to eliminate wasted current consumption on unused pins.
Finished building target: "Blink.out"
 

**** Build Finished ****

**** Build of configuration Debug for project Blink ****

/home/yan/ti/ccs1271/ccs/utils/bin/gmake -k -j 16 all -O 
 
gmake[1]: 'Blink.out' is up to date.

**** Build Finished ****

**** Build of configuration Debug for project Blink ****

/home/yan/ti/ccs1271/ccs/utils/bin/gmake -k -j 16 all -O 
 
gmake[1]: 'Blink.out' is up to date.

**** Build Finished ****

**** Build of configuration Debug for project Blink ****

/home/yan/ti/ccs1271/ccs/utils/bin/gmake -k -j 16 all -O 
 
gmake[1]: 'Blink.out' is up to date.

**** Build Finished ****

**** Build of configuration Debug for project Blink ****

/home/yan/ti/ccs1271/ccs/utils/bin/gmake -k -j 16 all -O 
 
gmake[1]: 'Blink.out' is up to date.

**** Build Finished ****

**** Build of configuration Debug for project Button ****

/home/yan/ti/ccs1271/ccs/utils/bin/gmake -k -j 16 all -O 
 
Building file: "../main.c"
Invoking: MSP430 Compiler
"/home/yan/ti/ccs1271/ccs/tools/compiler/ti-cgt-msp430_21.6.1.LTS/bin/cl430" -vmspx --data_model=restricted --use_hw_mpy=F5 --include_path="/home/yan/ti/ccs1271/ccs/ccs_base/msp430/include" --include_path="/home/yan/workspace_v12/Button" --include_path="/home/yan/ti/ccs1271/ccs/tools/compiler/ti-cgt-msp430_21.6.1.LTS/include" --advice:power=all --define=__MSP430F5529__ -g --printf_support=minimal --diag_warning=225 --diag_wrap=off --display_error_number --silicon_errata=CPU21 --silicon_errata=CPU22 --silicon_errata=CPU23 --silicon_errata=CPU40 --preproc_with_compile --preproc_dependency="main.d_raw"  "../main.c"
"../main.c", line 18: remark #1527-D: (ULP 2.1) Detected SW delay loop using empty loop. Recommend using a timer module instead
Finished building: "../main.c"
 
Building target: "Button.out"
Invoking: MSP430 Linker
"/home/yan/ti/ccs1271/ccs/tools/compiler/ti-cgt-msp430_21.6.1.LTS/bin/cl430" -vmspx --data_model=restricted --use_hw_mpy=F5 --advice:power=all --define=__MSP430F5529__ -g --printf_support=minimal --diag_warning=225 --diag_wrap=off --display_error_number --silicon_errata=CPU21 --silicon_errata=CPU22 --silicon_errata=CPU23 --silicon_errata=CPU40 -z -m"Button.map" --heap_size=160 --stack_size=160 --cinit_hold_wdt=on -i"/home/yan/ti/ccs1271/ccs/ccs_base/msp430/include" -i"/home/yan/ti/ccs1271/ccs/ccs_base/msp430/lib/5xx_6xx_FRxx" -i"/home/yan/ti/ccs1271/ccs/tools/compiler/ti-cgt-msp430_21.6.1.LTS/lib" -i"/home/yan/ti/ccs1271/ccs/tools/compiler/ti-cgt-msp430_21.6.1.LTS/include" --reread_libs --diag_wrap=off --display_error_number --warn_sections --xml_link_info="Button_linkInfo.xml" --use_hw_mpy=F5 --rom_model -o "Button.out" "./main.obj" "../lnk_msp430f5529.cmd"  -llibmath.a -llibc.a 
<Linking>
remark #10372-D: (ULP 4.1) Detected uninitialized Port A in this project. Recommend initializing all unused ports to eliminate wasted current consumption on unused pins.
remark #10372-D: (ULP 4.1) Detected uninitialized Port B in this project. Recommend initializing all unused ports to eliminate wasted current consumption on unused pins.
remark #10372-D: (ULP 4.1) Detected uninitialized Port C in this project. Recommend initializing all unused ports to eliminate wasted current consumption on unused pins.
remark #10372-D: (ULP 4.1) Detected uninitialized Port D in this project. Recommend initializing all unused ports to eliminate wasted current consumption on unused pins.
Finished building target: "Button.out"
 

**** Build Finished ****

**** Build of configuration Debug for project Button ****

/home/yan/ti/ccs1271/ccs/utils/bin/gmake -k -j 16 all -O 
 
gmake[1]: 'Button.out' is up to date.

**** Build Finished ****

**** Build of configuration Debug for project Button ****

/home/yan/ti/ccs1271/ccs/utils/bin/gmake -k -j 16 all -O 
 
Building file: "../main.c"
Invoking: MSP430 Compiler
"/home/yan/ti/ccs1271/ccs/tools/compiler/ti-cgt-msp430_21.6.1.LTS/bin/cl430" -vmspx --data_model=restricted --use_hw_mpy=F5 --include_path="/home/yan/ti/ccs1271/ccs/ccs_base/msp430/include" --include_path="/home/yan/workspace_v12/Button" --include_path="/home/yan/ti/ccs1271/ccs/tools/compiler/ti-cgt-msp430_21.6.1.LTS/include" --advice:power=all --define=__MSP430F5529__ -g --printf_support=minimal --diag_warning=225 --diag_wrap=off --display_error_number --silicon_errata=CPU21 --silicon_errata=CPU22 --silicon_errata=CPU23 --silicon_errata=CPU40 --preproc_with_compile --preproc_dependency="main.d_raw"  "../main.c"
"../main.c", line 19: remark #1527-D: (ULP 2.1) Detected SW delay loop using empty loop. Recommend using a timer module instead
"../main.c", line 46: remark #1538-D: (ULP 10.1) ISR Port_1 calls function debounce. Recommend moving function call away from ISR, or inlining the function, or using pragmas
"../main.c", line 76: remark #1544-D: (ULP 13.1) Detected loop counting up. Recommend loops count down as detecting zeros is easier
"../main.c", line 76: remark #1527-D: (ULP 2.1) Detected SW delay loop using empty loop. Recommend using a timer module instead
Finished building: "../main.c"
 
Building target: "Button.out"
Invoking: MSP430 Linker
"/home/yan/ti/ccs1271/ccs/tools/compiler/ti-cgt-msp430_21.6.1.LTS/bin/cl430" -vmspx --data_model=restricted --use_hw_mpy=F5 --advice:power=all --define=__MSP430F5529__ -g --printf_support=minimal --diag_warning=225 --diag_wrap=off --display_error_number --silicon_errata=CPU21 --silicon_errata=CPU22 --silicon_errata=CPU23 --silicon_errata=CPU40 -z -m"Button.map" --heap_size=160 --stack_size=160 --cinit_hold_wdt=on -i"/home/yan/ti/ccs1271/ccs/ccs_base/msp430/include" -i"/home/yan/ti/ccs1271/ccs/ccs_base/msp430/lib/5xx_6xx_FRxx" -i"/home/yan/ti/ccs1271/ccs/tools/compiler/ti-cgt-msp430_21.6.1.LTS/lib" -i"/home/yan/ti/ccs1271/ccs/tools/compiler/ti-cgt-msp430_21.6.1.LTS/include" --reread_libs --diag_wrap=off --display_error_number --warn_sections --xml_link_info="Button_linkInfo.xml" --use_hw_mpy=F5 --rom_model -o "Button.out" "./main.obj" "../lnk_msp430f5529.cmd"  -llibmath.a -llibc.a 
<Linking>
remark #10372-D: (ULP 4.1) Detected uninitialized Port A in this project. Recommend initializing all unused ports to eliminate wasted current consumption on unused pins.
remark #10372-D: (ULP 4.1) Detected uninitialized Port B in this project. Recommend initializing all unused ports to eliminate wasted current consumption on unused pins.
remark #10372-D: (ULP 4.1) Detected uninitialized Port C in this project. Recommend initializing all unused ports to eliminate wasted current consumption on unused pins.
remark #10372-D: (ULP 4.1) Detected uninitialized Port D in this project. Recommend initializing all unused ports to eliminate wasted current consumption on unused pins.
Finished building target: "Button.out"
 

**** Build Finished ****

**** Build of configuration Debug for project Button ****

/home/yan/ti/ccs1271/ccs/utils/bin/gmake -k -j 16 all -O 
 
Building file: "../main.c"
Invoking: MSP430 Compiler
"/home/yan/ti/ccs1271/ccs/tools/compiler/ti-cgt-msp430_21.6.1.LTS/bin/cl430" -vmspx --data_model=restricted --use_hw_mpy=F5 --include_path="/home/yan/ti/ccs1271/ccs/ccs_base/msp430/include" --include_path="/home/yan/workspace_v12/Button" --include_path="/home/yan/ti/ccs1271/ccs/tools/compiler/ti-cgt-msp430_21.6.1.LTS/include" --advice:power=all --define=__MSP430F5529__ -g --printf_support=minimal --diag_warning=225 --diag_wrap=off --display_error_number --silicon_errata=CPU21 --silicon_errata=CPU22 --silicon_errata=CPU23 --silicon_errata=CPU40 --preproc_with_compile --preproc_dependency="main.d_raw"  "../main.c"
"../main.c", line 28: warning #112-D: statement is unreachable
"../main.c", line 20: remark #1527-D: (ULP 2.1) Detected SW delay loop using empty loop. Recommend using a timer module instead
"../main.c", line 24: remark #1527-D: (ULP 2.1) Detected SW delay loop using empty loop. Recommend using a timer module instead
"../main.c", line 42: remark #1544-D: (ULP 13.1) Detected loop counting up. Recommend loops count down as detecting zeros is easier
"../main.c", line 42: remark #1527-D: (ULP 2.1) Detected SW delay loop using empty loop. Recommend using a timer module instead
Finished building: "../main.c"
 
Building target: "Button.out"
Invoking: MSP430 Linker
"/home/yan/ti/ccs1271/ccs/tools/compiler/ti-cgt-msp430_21.6.1.LTS/bin/cl430" -vmspx --data_model=restricted --use_hw_mpy=F5 --advice:power=all --define=__MSP430F5529__ -g --printf_support=minimal --diag_warning=225 --diag_wrap=off --display_error_number --silicon_errata=CPU21 --silicon_errata=CPU22 --silicon_errata=CPU23 --silicon_errata=CPU40 -z -m"Button.map" --heap_size=160 --stack_size=160 --cinit_hold_wdt=on -i"/home/yan/ti/ccs1271/ccs/ccs_base/msp430/include" -i"/home/yan/ti/ccs1271/ccs/ccs_base/msp430/lib/5xx_6xx_FRxx" -i"/home/yan/ti/ccs1271/ccs/tools/compiler/ti-cgt-msp430_21.6.1.LTS/lib" -i"/home/yan/ti/ccs1271/ccs/tools/compiler/ti-cgt-msp430_21.6.1.LTS/include" --reread_libs --diag_wrap=off --display_error_number --warn_sections --xml_link_info="Button_linkInfo.xml" --use_hw_mpy=F5 --rom_model -o "Button.out" "./main.obj" "../lnk_msp430f5529.cmd"  -llibmath.a -llibc.a 
<Linking>
remark #10371-D: (ULP 1.1) Detected no uses of low power mode state changing instructions
remark #10372-D: (ULP 4.1) Detected uninitialized Port B in this project. Recommend initializing all unused ports to eliminate wasted current consumption on unused pins.
remark #10372-D: (ULP 4.1) Detected uninitialized Port C in this project. Recommend initializing all unused ports to eliminate wasted current consumption on unused pins.
remark #10372-D: (ULP 4.1) Detected uninitialized Port D in this project. Recommend initializing all unused ports to eliminate wasted current consumption on unused pins.
Finished building target: "Button.out"
 

**** Build Finished ****

**** Build of configuration Debug for project Button ****

/home/yan/ti/ccs1271/ccs/utils/bin/gmake -k -j 16 all -O 
 
gmake[1]: 'Button.out' is up to date.

**** Build Finished ****

**** Build of configuration Debug for project Button2 ****

/home/yan/ti/ccs1271/ccs/utils/bin/gmake -k -j 16 all -O 
 
Building file: "../main.c"
Invoking: MSP430 Compiler
"/home/yan/ti/ccs1271/ccs/tools/compiler/ti-cgt-msp430_21.6.1.LTS/bin/cl430" -vmspx --data_model=restricted --use_hw_mpy=F5 --include_path="/home/yan/ti/ccs1271/ccs/ccs_base/msp430/include" --include_path="/home/yan/workspace_v12/Button2" --include_path="/home/yan/ti/ccs1271/ccs/tools/compiler/ti-cgt-msp430_21.6.1.LTS/include" --advice:power=all --define=__MSP430F5529__ -g --printf_support=minimal --diag_warning=225 --diag_wrap=off --display_error_number --silicon_errata=CPU21 --silicon_errata=CPU22 --silicon_errata=CPU23 --silicon_errata=CPU40 --preproc_with_compile --preproc_dependency="main.d_raw"  "../main.c"
 
>> Compilation failure
subdir_rules.mk:7: recipe for target 'main.obj' failed
"../main.c", line 28: error #20: identifier "cont" is undefined
"../main.c", line 32: warning #112-D: statement is unreachable
"../main.c", line 24: remark #1535-D: (ULP 8.1) variable "count" is used as a constant. Recommend declaring variable as either 'static const' or 'const'
"../main.c", line 46: remark #1544-D: (ULP 13.1) Detected loop counting up. Recommend loops count down as detecting zeros is easier
"../main.c", line 46: remark #1527-D: (ULP 2.1) Detected SW delay loop using empty loop. Recommend using a timer module instead
"../main.c", line 67: error #66: expected a ";"
"../main.c", line 80: warning #12-D: parsing restarts here after previous syntax error
"../main.c", line 81: warning #994-D: missing return statement at end of non-void function "watch_s1"
"../main.c", line 66: warning #179-D: variable "ps1" was declared but never referenced
"../main.c", line 66: remark #1535-D: (ULP 8.1) variable "ps1" is used as a constant. Recommend declaring variable as either 'static const' or 'const'
"../main.c", line 85: error #66: expected a ";"
"../main.c", line 98: warning #12-D: parsing restarts here after previous syntax error
"../main.c", line 99: warning #994-D: missing return statement at end of non-void function "watch_s2"
"../main.c", line 84: warning #179-D: variable "ps2" was declared but never referenced
"../main.c", line 84: remark #1535-D: (ULP 8.1) variable "ps2" is used as a constant. Recommend declaring variable as either 'static const' or 'const'
3 errors detected in the compilation of "../main.c".
gmake: *** [main.obj] Error 1
gmake: Target 'all' not remade because of errors.

**** Build Finished ****

**** Build of configuration Debug for project Button2 ****

/home/yan/ti/ccs1271/ccs/utils/bin/gmake -k -j 16 all -O 
 
Building file: "../main.c"
Invoking: MSP430 Compiler
"/home/yan/ti/ccs1271/ccs/tools/compiler/ti-cgt-msp430_21.6.1.LTS/bin/cl430" -vmspx --data_model=restricted --use_hw_mpy=F5 --include_path="/home/yan/ti/ccs1271/ccs/ccs_base/msp430/include" --include_path="/home/yan/workspace_v12/Button2" --include_path="/home/yan/ti/ccs1271/ccs/tools/compiler/ti-cgt-msp430_21.6.1.LTS/include" --advice:power=all --define=__MSP430F5529__ -g --printf_support=minimal --diag_warning=225 --diag_wrap=off --display_error_number --silicon_errata=CPU21 --silicon_errata=CPU22 --silicon_errata=CPU23 --silicon_errata=CPU40 --preproc_with_compile --preproc_dependency="main.d_raw"  "../main.c"
 
>> Compilation failure
subdir_rules.mk:7: recipe for target 'main.obj' failed
"../main.c", line 28: error #20: identifier "cont" is undefined
"../main.c", line 32: warning #112-D: statement is unreachable
"../main.c", line 24: remark #1535-D: (ULP 8.1) variable "count" is used as a constant. Recommend declaring variable as either 'static const' or 'const'
"../main.c", line 46: remark #1544-D: (ULP 13.1) Detected loop counting up. Recommend loops count down as detecting zeros is easier
"../main.c", line 46: remark #1527-D: (ULP 2.1) Detected SW delay loop using empty loop. Recommend using a timer module instead
"../main.c", line 67: error #66: expected a ";"
"../main.c", line 80: warning #12-D: parsing restarts here after previous syntax error
"../main.c", line 81: warning #994-D: missing return statement at end of non-void function "watch_s1"
"../main.c", line 66: warning #179-D: variable "ps1" was declared but never referenced
"../main.c", line 66: remark #1535-D: (ULP 8.1) variable "ps1" is used as a constant. Recommend declaring variable as either 'static const' or 'const'
"../main.c", line 85: error #66: expected a ";"
"../main.c", line 98: warning #12-D: parsing restarts here after previous syntax error
"../main.c", line 99: warning #994-D: missing return statement at end of non-void function "watch_s2"
"../main.c", line 84: warning #179-D: variable "ps2" was declared but never referenced
"../main.c", line 84: remark #1535-D: (ULP 8.1) variable "ps2" is used as a constant. Recommend declaring variable as either 'static const' or 'const'
3 errors detected in the compilation of "../main.c".
gmake: *** [main.obj] Error 1
gmake: Target 'all' not remade because of errors.

**** Build Finished ****

**** Build of configuration Debug for project Button2 ****

/home/yan/ti/ccs1271/ccs/utils/bin/gmake -k -j 16 all -O 
 
Building file: "../main.c"
Invoking: MSP430 Compiler
"/home/yan/ti/ccs1271/ccs/tools/compiler/ti-cgt-msp430_21.6.1.LTS/bin/cl430" -vmspx --data_model=restricted --use_hw_mpy=F5 --include_path="/home/yan/ti/ccs1271/ccs/ccs_base/msp430/include" --include_path="/home/yan/workspace_v12/Button2" --include_path="/home/yan/ti/ccs1271/ccs/tools/compiler/ti-cgt-msp430_21.6.1.LTS/include" --advice:power=all --define=__MSP430F5529__ -g --printf_support=minimal --diag_warning=225 --diag_wrap=off --display_error_number --silicon_errata=CPU21 --silicon_errata=CPU22 --silicon_errata=CPU23 --silicon_errata=CPU40 --preproc_with_compile --preproc_dependency="main.d_raw"  "../main.c"
 
>> Compilation failure
subdir_rules.mk:7: recipe for target 'main.obj' failed
"../main.c", line 28: error #20: identifier "cont" is undefined
"../main.c", line 32: warning #112-D: statement is unreachable
"../main.c", line 24: remark #1535-D: (ULP 8.1) variable "count" is used as a constant. Recommend declaring variable as either 'static const' or 'const'
"../main.c", line 46: remark #1544-D: (ULP 13.1) Detected loop counting up. Recommend loops count down as detecting zeros is easier
"../main.c", line 46: remark #1527-D: (ULP 2.1) Detected SW delay loop using empty loop. Recommend using a timer module instead
1 error detected in the compilation of "../main.c".
gmake: *** [main.obj] Error 1
gmake: Target 'all' not remade because of errors.

**** Build Finished ****

**** Build of configuration Debug for project Button2 ****

/home/yan/ti/ccs1271/ccs/utils/bin/gmake -k -j 16 all -O 
 
Building file: "../main.c"
Invoking: MSP430 Compiler
"/home/yan/ti/ccs1271/ccs/tools/compiler/ti-cgt-msp430_21.6.1.LTS/bin/cl430" -vmspx --data_model=restricted --use_hw_mpy=F5 --include_path="/home/yan/ti/ccs1271/ccs/ccs_base/msp430/include" --include_path="/home/yan/workspace_v12/Button2" --include_path="/home/yan/ti/ccs1271/ccs/tools/compiler/ti-cgt-msp430_21.6.1.LTS/include" --advice:power=all --define=__MSP430F5529__ -g --printf_support=minimal --diag_warning=225 --diag_wrap=off --display_error_number --silicon_errata=CPU21 --silicon_errata=CPU22 --silicon_errata=CPU23 --silicon_errata=CPU40 --preproc_with_compile --preproc_dependency="main.d_raw"  "../main.c"
 
>> Compilation failure
subdir_rules.mk:7: recipe for target 'main.obj' failed
"../main.c", line 28: error #20: identifier "cont" is undefined
"../main.c", line 32: warning #112-D: statement is unreachable
"../main.c", line 24: remark #1535-D: (ULP 8.1) variable "count" is used as a constant. Recommend declaring variable as either 'static const' or 'const'
"../main.c", line 46: remark #1544-D: (ULP 13.1) Detected loop counting up. Recommend loops count down as detecting zeros is easier
"../main.c", line 46: remark #1527-D: (ULP 2.1) Detected SW delay loop using empty loop. Recommend using a timer module instead
1 error detected in the compilation of "../main.c".
gmake: *** [main.obj] Error 1
gmake: Target 'all' not remade because of errors.

**** Build Finished ****

**** Build of configuration Debug for project Button2 ****

/home/yan/ti/ccs1271/ccs/utils/bin/gmake -k -j 16 all -O 
 
Building file: "../main.c"
Invoking: MSP430 Compiler
"/home/yan/ti/ccs1271/ccs/tools/compiler/ti-cgt-msp430_21.6.1.LTS/bin/cl430" -vmspx --data_model=restricted --use_hw_mpy=F5 --include_path="/home/yan/ti/ccs1271/ccs/ccs_base/msp430/include" --include_path="/home/yan/workspace_v12/Button2" --include_path="/home/yan/ti/ccs1271/ccs/tools/compiler/ti-cgt-msp430_21.6.1.LTS/include" --advice:power=all --define=__MSP430F5529__ -g --printf_support=minimal --diag_warning=225 --diag_wrap=off --display_error_number --silicon_errata=CPU21 --silicon_errata=CPU22 --silicon_errata=CPU23 --silicon_errata=CPU40 --preproc_with_compile --preproc_dependency="main.d_raw"  "../main.c"
 
>> Compilation failure
subdir_rules.mk:7: recipe for target 'main.obj' failed
"../main.c", line 28: error #20: identifier "cont" is undefined
"../main.c", line 32: warning #112-D: statement is unreachable
"../main.c", line 46: remark #1544-D: (ULP 13.1) Detected loop counting up. Recommend loops count down as detecting zeros is easier
"../main.c", line 46: remark #1527-D: (ULP 2.1) Detected SW delay loop using empty loop. Recommend using a timer module instead
1 error detected in the compilation of "../main.c".
gmake: *** [main.obj] Error 1
gmake: Target 'all' not remade because of errors.

**** Build Finished ****

**** Build of configuration Debug for project Button2 ****

/home/yan/ti/ccs1271/ccs/utils/bin/gmake -k -j 16 all -O 
 
Building file: "../main.c"
Invoking: MSP430 Compiler
"/home/yan/ti/ccs1271/ccs/tools/compiler/ti-cgt-msp430_21.6.1.LTS/bin/cl430" -vmspx --data_model=restricted --use_hw_mpy=F5 --include_path="/home/yan/ti/ccs1271/ccs/ccs_base/msp430/include" --include_path="/home/yan/workspace_v12/Button2" --include_path="/home/yan/ti/ccs1271/ccs/tools/compiler/ti-cgt-msp430_21.6.1.LTS/include" --advice:power=all --define=__MSP430F5529__ -g --printf_support=minimal --diag_warning=225 --diag_wrap=off --display_error_number --silicon_errata=CPU21 --silicon_errata=CPU22 --silicon_errata=CPU23 --silicon_errata=CPU40 --preproc_with_compile --preproc_dependency="main.d_raw"  "../main.c"
 
>> Compilation failure
subdir_rules.mk:7: recipe for target 'main.obj' failed
"../main.c", line 28: error #138-D: expression must be a modifiable lvalue
"../main.c", line 29: error #138-D: expression must be a modifiable lvalue
"../main.c", line 32: warning #112-D: statement is unreachable
"../main.c", line 46: remark #1544-D: (ULP 13.1) Detected loop counting up. Recommend loops count down as detecting zeros is easier
"../main.c", line 46: remark #1527-D: (ULP 2.1) Detected SW delay loop using empty loop. Recommend using a timer module instead
2 errors detected in the compilation of "../main.c".
gmake: *** [main.obj] Error 1
gmake: Target 'all' not remade because of errors.

**** Build Finished ****

**** Build of configuration Debug for project Button2 ****

/home/yan/ti/ccs1271/ccs/utils/bin/gmake -k -j 16 all -O 
 
Building file: "../main.c"
Invoking: MSP430 Compiler
"/home/yan/ti/ccs1271/ccs/tools/compiler/ti-cgt-msp430_21.6.1.LTS/bin/cl430" -vmspx --data_model=restricted --use_hw_mpy=F5 --include_path="/home/yan/ti/ccs1271/ccs/ccs_base/msp430/include" --include_path="/home/yan/workspace_v12/Button2" --include_path="/home/yan/ti/ccs1271/ccs/tools/compiler/ti-cgt-msp430_21.6.1.LTS/include" --advice:power=all --define=__MSP430F5529__ -g --printf_support=minimal --diag_warning=225 --diag_wrap=off --display_error_number --silicon_errata=CPU21 --silicon_errata=CPU22 --silicon_errata=CPU23 --silicon_errata=CPU40 --preproc_with_compile --preproc_dependency="main.d_raw"  "../main.c"
"../main.c", line 32: warning #112-D: statement is unreachable
"../main.c", line 46: remark #1544-D: (ULP 13.1) Detected loop counting up. Recommend loops count down as detecting zeros is easier
"../main.c", line 46: remark #1527-D: (ULP 2.1) Detected SW delay loop using empty loop. Recommend using a timer module instead
Finished building: "../main.c"
 
Building target: "Button2.out"
Invoking: MSP430 Linker
"/home/yan/ti/ccs1271/ccs/tools/compiler/ti-cgt-msp430_21.6.1.LTS/bin/cl430" -vmspx --data_model=restricted --use_hw_mpy=F5 --advice:power=all --define=__MSP430F5529__ -g --printf_support=minimal --diag_warning=225 --diag_wrap=off --display_error_number --silicon_errata=CPU21 --silicon_errata=CPU22 --silicon_errata=CPU23 --silicon_errata=CPU40 -z -m"Button2.map" --heap_size=160 --stack_size=160 --cinit_hold_wdt=on -i"/home/yan/ti/ccs1271/ccs/ccs_base/msp430/include" -i"/home/yan/ti/ccs1271/ccs/ccs_base/msp430/lib/5xx_6xx_FRxx" -i"/home/yan/ti/ccs1271/ccs/tools/compiler/ti-cgt-msp430_21.6.1.LTS/lib" -i"/home/yan/ti/ccs1271/ccs/tools/compiler/ti-cgt-msp430_21.6.1.LTS/include" --reread_libs --diag_wrap=off --display_error_number --warn_sections --xml_link_info="Button2_linkInfo.xml" --use_hw_mpy=F5 --rom_model -o "Button2.out" "./main.obj" "../lnk_msp430f5529.cmd"  -llibmath.a -llibc.a 
<Linking>
remark #10371-D: (ULP 1.1) Detected no uses of low power mode state changing instructions
remark #10372-D: (ULP 4.1) Detected uninitialized Port B in this project. Recommend initializing all unused ports to eliminate wasted current consumption on unused pins.
remark #10372-D: (ULP 4.1) Detected uninitialized Port C in this project. Recommend initializing all unused ports to eliminate wasted current consumption on unused pins.
remark #10372-D: (ULP 4.1) Detected uninitialized Port D in this project. Recommend initializing all unused ports to eliminate wasted current consumption on unused pins.
Finished building target: "Button2.out"
 

**** Build Finished ****

**** Build of configuration Debug for project Button2 ****

/home/yan/ti/ccs1271/ccs/utils/bin/gmake -k -j 16 all -O 
 
gmake[1]: 'Button2.out' is up to date.

**** Build Finished ****

**** Build of configuration Debug for project Button2 ****

/home/yan/ti/ccs1271/ccs/utils/bin/gmake -k -j 16 all -O 
 
Building file: "../main.c"
Invoking: MSP430 Compiler
"/home/yan/ti/ccs1271/ccs/tools/compiler/ti-cgt-msp430_21.6.1.LTS/bin/cl430" -vmspx --data_model=restricted --use_hw_mpy=F5 --include_path="/home/yan/ti/ccs1271/ccs/ccs_base/msp430/include" --include_path="/home/yan/workspace_v12/Button2" --include_path="/home/yan/ti/ccs1271/ccs/tools/compiler/ti-cgt-msp430_21.6.1.LTS/include" --advice:power=all --define=__MSP430F5529__ -g --printf_support=minimal --diag_warning=225 --diag_wrap=off --display_error_number --silicon_errata=CPU21 --silicon_errata=CPU22 --silicon_errata=CPU23 --silicon_errata=CPU40 --preproc_with_compile --preproc_dependency="main.d_raw"  "../main.c"
"../main.c", line 45: remark #1544-D: (ULP 13.1) Detected loop counting up. Recommend loops count down as detecting zeros is easier
"../main.c", line 45: remark #1527-D: (ULP 2.1) Detected SW delay loop using empty loop. Recommend using a timer module instead
Finished building: "../main.c"
 
Building target: "Button2.out"
Invoking: MSP430 Linker
"/home/yan/ti/ccs1271/ccs/tools/compiler/ti-cgt-msp430_21.6.1.LTS/bin/cl430" -vmspx --data_model=restricted --use_hw_mpy=F5 --advice:power=all --define=__MSP430F5529__ -g --printf_support=minimal --diag_warning=225 --diag_wrap=off --display_error_number --silicon_errata=CPU21 --silicon_errata=CPU22 --silicon_errata=CPU23 --silicon_errata=CPU40 -z -m"Button2.map" --heap_size=160 --stack_size=160 --cinit_hold_wdt=on -i"/home/yan/ti/ccs1271/ccs/ccs_base/msp430/include" -i"/home/yan/ti/ccs1271/ccs/ccs_base/msp430/lib/5xx_6xx_FRxx" -i"/home/yan/ti/ccs1271/ccs/tools/compiler/ti-cgt-msp430_21.6.1.LTS/lib" -i"/home/yan/ti/ccs1271/ccs/tools/compiler/ti-cgt-msp430_21.6.1.LTS/include" --reread_libs --diag_wrap=off --display_error_number --warn_sections --xml_link_info="Button2_linkInfo.xml" --use_hw_mpy=F5 --rom_model -o "Button2.out" "./main.obj" "../lnk_msp430f5529.cmd"  -llibmath.a -llibc.a 
<Linking>
remark #10371-D: (ULP 1.1) Detected no uses of low power mode state changing instructions
remark #10372-D: (ULP 4.1) Detected uninitialized Port B in this project. Recommend initializing all unused ports to eliminate wasted current consumption on unused pins.
remark #10372-D: (ULP 4.1) Detected uninitialized Port C in this project. Recommend initializing all unused ports to eliminate wasted current consumption on unused pins.
remark #10372-D: (ULP 4.1) Detected uninitialized Port D in this project. Recommend initializing all unused ports to eliminate wasted current consumption on unused pins.
Finished building target: "Button2.out"
 

**** Build Finished ****

**** Build of configuration Debug for project Button2 ****

/home/yan/ti/ccs1271/ccs/utils/bin/gmake -k -j 16 all -O 
 
gmake[1]: 'Button2.out' is up to date.

**** Build Finished ****

**** Build of configuration Debug for project Button ****

/home/yan/ti/ccs1271/ccs/utils/bin/gmake -k -j 16 all -O 
 
Building file: "../button.c"
Invoking: MSP430 Compiler
"/home/yan/ti/ccs1271/ccs/tools/compiler/ti-cgt-msp430_21.6.1.LTS/bin/cl430" -vmspx --data_model=restricted --use_hw_mpy=F5 --include_path="/home/yan/ti/ccs1271/ccs/ccs_base/msp430/include" --include_path="/home/yan/workspace_v12/Button" --include_path="/home/yan/ti/ccs1271/ccs/tools/compiler/ti-cgt-msp430_21.6.1.LTS/include" --advice:power=all --define=__MSP430F5529__ -g --printf_support=minimal --diag_warning=225 --diag_wrap=off --display_error_number --silicon_errata=CPU21 --silicon_errata=CPU22 --silicon_errata=CPU23 --silicon_errata=CPU40 --preproc_with_compile --preproc_dependency="button.d_raw"  "../button.c"
"../button.c", line 30: warning #112-D: statement is unreachable
"../button.c", line 22: remark #1527-D: (ULP 2.1) Detected SW delay loop using empty loop. Recommend using a timer module instead
"../button.c", line 26: remark #1527-D: (ULP 2.1) Detected SW delay loop using empty loop. Recommend using a timer module instead
"../button.c", line 44: remark #1544-D: (ULP 13.1) Detected loop counting up. Recommend loops count down as detecting zeros is easier
"../button.c", line 44: remark #1527-D: (ULP 2.1) Detected SW delay loop using empty loop. Recommend using a timer module instead
Finished building: "../button.c"
 
Building target: "Button.out"
Invoking: MSP430 Linker
"/home/yan/ti/ccs1271/ccs/tools/compiler/ti-cgt-msp430_21.6.1.LTS/bin/cl430" -vmspx --data_model=restricted --use_hw_mpy=F5 --advice:power=all --define=__MSP430F5529__ -g --printf_support=minimal --diag_warning=225 --diag_wrap=off --display_error_number --silicon_errata=CPU21 --silicon_errata=CPU22 --silicon_errata=CPU23 --silicon_errata=CPU40 -z -m"Button.map" --heap_size=160 --stack_size=160 --cinit_hold_wdt=on -i"/home/yan/ti/ccs1271/ccs/ccs_base/msp430/include" -i"/home/yan/ti/ccs1271/ccs/ccs_base/msp430/lib/5xx_6xx_FRxx" -i"/home/yan/ti/ccs1271/ccs/tools/compiler/ti-cgt-msp430_21.6.1.LTS/lib" -i"/home/yan/ti/ccs1271/ccs/tools/compiler/ti-cgt-msp430_21.6.1.LTS/include" --reread_libs --diag_wrap=off --display_error_number --warn_sections --xml_link_info="Button_linkInfo.xml" --use_hw_mpy=F5 --rom_model -o "Button.out" "./button.obj" "../lnk_msp430f5529.cmd"  -llibmath.a -llibc.a 
<Linking>
remark #10371-D: (ULP 1.1) Detected no uses of low power mode state changing instructions
remark #10372-D: (ULP 4.1) Detected uninitialized Port B in this project. Recommend initializing all unused ports to eliminate wasted current consumption on unused pins.
remark #10372-D: (ULP 4.1) Detected uninitialized Port C in this project. Recommend initializing all unused ports to eliminate wasted current consumption on unused pins.
remark #10372-D: (ULP 4.1) Detected uninitialized Port D in this project. Recommend initializing all unused ports to eliminate wasted current consumption on unused pins.
Finished building target: "Button.out"
 

**** Build Finished ****

**** Build of configuration Debug for project Button2 ****

/home/yan/ti/ccs1271/ccs/utils/bin/gmake -k -j 16 all -O 
 
Building file: "../button2.c"
Invoking: MSP430 Compiler
"/home/yan/ti/ccs1271/ccs/tools/compiler/ti-cgt-msp430_21.6.1.LTS/bin/cl430" -vmspx --data_model=restricted --use_hw_mpy=F5 --include_path="/home/yan/ti/ccs1271/ccs/ccs_base/msp430/include" --include_path="/home/yan/workspace_v12/Button2" --include_path="/home/yan/ti/ccs1271/ccs/tools/compiler/ti-cgt-msp430_21.6.1.LTS/include" --advice:power=all --define=__MSP430F5529__ -g --printf_support=minimal --diag_warning=225 --diag_wrap=off --display_error_number --silicon_errata=CPU21 --silicon_errata=CPU22 --silicon_errata=CPU23 --silicon_errata=CPU40 --preproc_with_compile --preproc_dependency="button2.d_raw"  "../button2.c"
"../button2.c", line 45: remark #1544-D: (ULP 13.1) Detected loop counting up. Recommend loops count down as detecting zeros is easier
"../button2.c", line 45: remark #1527-D: (ULP 2.1) Detected SW delay loop using empty loop. Recommend using a timer module instead
Finished building: "../button2.c"
 
Building target: "Button2.out"
Invoking: MSP430 Linker
"/home/yan/ti/ccs1271/ccs/tools/compiler/ti-cgt-msp430_21.6.1.LTS/bin/cl430" -vmspx --data_model=restricted --use_hw_mpy=F5 --advice:power=all --define=__MSP430F5529__ -g --printf_support=minimal --diag_warning=225 --diag_wrap=off --display_error_number --silicon_errata=CPU21 --silicon_errata=CPU22 --silicon_errata=CPU23 --silicon_errata=CPU40 -z -m"Button2.map" --heap_size=160 --stack_size=160 --cinit_hold_wdt=on -i"/home/yan/ti/ccs1271/ccs/ccs_base/msp430/include" -i"/home/yan/ti/ccs1271/ccs/ccs_base/msp430/lib/5xx_6xx_FRxx" -i"/home/yan/ti/ccs1271/ccs/tools/compiler/ti-cgt-msp430_21.6.1.LTS/lib" -i"/home/yan/ti/ccs1271/ccs/tools/compiler/ti-cgt-msp430_21.6.1.LTS/include" --reread_libs --diag_wrap=off --display_error_number --warn_sections --xml_link_info="Button2_linkInfo.xml" --use_hw_mpy=F5 --rom_model -o "Button2.out" "./button2.obj" "../lnk_msp430f5529.cmd"  -llibmath.a -llibc.a 
<Linking>
remark #10371-D: (ULP 1.1) Detected no uses of low power mode state changing instructions
remark #10372-D: (ULP 4.1) Detected uninitialized Port B in this project. Recommend initializing all unused ports to eliminate wasted current consumption on unused pins.
remark #10372-D: (ULP 4.1) Detected uninitialized Port C in this project. Recommend initializing all unused ports to eliminate wasted current consumption on unused pins.
remark #10372-D: (ULP 4.1) Detected uninitialized Port D in this project. Recommend initializing all unused ports to eliminate wasted current consumption on unused pins.
Finished building target: "Button2.out"
 

**** Build Finished ****

**** Build of configuration Debug for project PowerOff ****

/home/yan/ti/ccs1271/ccs/utils/bin/gmake -k -j 16 all -O 
 
Building file: "../main.c"
Invoking: MSP430 Compiler
"/home/yan/ti/ccs1271/ccs/tools/compiler/ti-cgt-msp430_21.6.1.LTS/bin/cl430" -vmspx --data_model=restricted --use_hw_mpy=F5 --include_path="/home/yan/ti/ccs1271/ccs/ccs_base/msp430/include" --include_path="/home/yan/workspace_v12/PowerOff" --include_path="/home/yan/ti/ccs1271/ccs/tools/compiler/ti-cgt-msp430_21.6.1.LTS/include" --advice:power=all --define=__MSP430F5529__ -g --printf_support=minimal --diag_warning=225 --diag_wrap=off --display_error_number --silicon_errata=CPU21 --silicon_errata=CPU22 --silicon_errata=CPU23 --silicon_errata=CPU40 --preproc_with_compile --preproc_dependency="main.d_raw"  "../main.c"
 
>> Compilation failure
subdir_rules.mk:7: recipe for target 'main.obj' failed
"../main.c", line 2: error #20: identifier "LPM4_bits" is undefined
"../main.c", line 6: error #20: identifier "WDTCTL" is undefined
"../main.c", line 6: error #20: identifier "WDTPW" is undefined
"../main.c", line 6: error #20: identifier "WDTHOLD" is undefined
"../main.c", line 13: error #20: identifier "shutdown_requested" is undefined
5 errors detected in the compilation of "../main.c".
gmake: *** [main.obj] Error 1
gmake: Target 'all' not remade because of errors.

**** Build Finished ****

**** Build of configuration Debug for project PowerOff ****

/home/yan/ti/ccs1271/ccs/utils/bin/gmake -k -j 16 all -O 
 
Building file: "../off.c"
Invoking: MSP430 Compiler
"/home/yan/ti/ccs1271/ccs/tools/compiler/ti-cgt-msp430_21.6.1.LTS/bin/cl430" -vmspx --data_model=restricted --use_hw_mpy=F5 --include_path="/home/yan/ti/ccs1271/ccs/ccs_base/msp430/include" --include_path="/home/yan/workspace_v12/PowerOff" --include_path="/home/yan/ti/ccs1271/ccs/tools/compiler/ti-cgt-msp430_21.6.1.LTS/include" --advice:power=all --define=__MSP430F5529__ -g --printf_support=minimal --diag_warning=225 --diag_wrap=off --display_error_number --silicon_errata=CPU21 --silicon_errata=CPU22 --silicon_errata=CPU23 --silicon_errata=CPU40 --preproc_with_compile --preproc_dependency="off.d_raw"  "../off.c"
Finished building: "../off.c"
 
Building target: "PowerOff.out"
Invoking: MSP430 Linker
"/home/yan/ti/ccs1271/ccs/tools/compiler/ti-cgt-msp430_21.6.1.LTS/bin/cl430" -vmspx --data_model=restricted --use_hw_mpy=F5 --advice:power=all --define=__MSP430F5529__ -g --printf_support=minimal --diag_warning=225 --diag_wrap=off --display_error_number --silicon_errata=CPU21 --silicon_errata=CPU22 --silicon_errata=CPU23 --silicon_errata=CPU40 -z -m"PowerOff.map" --heap_size=160 --stack_size=160 --cinit_hold_wdt=on -i"/home/yan/ti/ccs1271/ccs/ccs_base/msp430/include" -i"/home/yan/ti/ccs1271/ccs/ccs_base/msp430/lib/5xx_6xx_FRxx" -i"/home/yan/ti/ccs1271/ccs/tools/compiler/ti-cgt-msp430_21.6.1.LTS/lib" -i"/home/yan/ti/ccs1271/ccs/tools/compiler/ti-cgt-msp430_21.6.1.LTS/include" --reread_libs --diag_wrap=off --display_error_number --warn_sections --xml_link_info="PowerOff_linkInfo.xml" --use_hw_mpy=F5 --rom_model -o "PowerOff.out" "./off.obj" "../lnk_msp430f5529.cmd"  -llibmath.a -llibc.a 
<Linking>
remark #10372-D: (ULP 4.1) Detected uninitialized Port A in this project. Recommend initializing all unused ports to eliminate wasted current consumption on unused pins.
remark #10372-D: (ULP 4.1) Detected uninitialized Port B in this project. Recommend initializing all unused ports to eliminate wasted current consumption on unused pins.
remark #10372-D: (ULP 4.1) Detected uninitialized Port C in this project. Recommend initializing all unused ports to eliminate wasted current consumption on unused pins.
remark #10372-D: (ULP 4.1) Detected uninitialized Port D in this project. Recommend initializing all unused ports to eliminate wasted current consumption on unused pins.
Finished building target: "PowerOff.out"
 

**** Build Finished ****

**** Build of configuration Debug for project PowerOff ****

/home/yan/ti/ccs1271/ccs/utils/bin/gmake -k -j 16 all -O 
 
gmake[1]: 'PowerOff.out' is up to date.

**** Build Finished ****

**** Build of configuration Debug for project Button2 ****

/home/yan/ti/ccs1271/ccs/utils/bin/gmake -k -j 16 all -O 
 
gmake[1]: 'Button2.out' is up to date.

**** Build Finished ****

**** Build of configuration Debug for project PowerOff ****

/home/yan/ti/ccs1271/ccs/utils/bin/gmake -k -j 16 all -O 
 
gmake[1]: 'PowerOff.out' is up to date.

**** Build Finished ****

**** Build of configuration Debug for project PowerOff ****

/home/yan/ti/ccs1271/ccs/utils/bin/gmake -k -j 16 all -O 
 
gmake[1]: 'PowerOff.out' is up to date.

**** Build Finished ****

**** Build of configuration Debug for project PowerOff ****

/home/yan/ti/ccs1271/ccs/utils/bin/gmake -k -j 16 all -O 
 
gmake[1]: 'PowerOff.out' is up to date.

**** Build Finished ****
